Building DAG of jobs...
Using shell: /bin/bash
Provided cores: 1
Rules claiming more threads will be scaled down.
Job counts:
	count	jobs
	1	gplas_coocurr
	1	gplas_paths
	2

[Mon Jun 13 14:25:09 2022]
Job 4: Searching for plasmid-like walks using a greedy approach

[Mon Jun 13 14:25:34 2022]
Finished job 4.
1 of 2 steps (50%) done

[Mon Jun 13 14:25:34 2022]
Job 0: Generating weights for the set of new edges connecting plasmid unitigs

[Mon Jun 13 14:25:45 2022]
Finished job 0.
2 of 2 steps (100%) done
Complete log: /home/rodrigo/gplas/.snakemake/log/2022-06-13T142509.347519.snakemake.log
